Traceback (most recent call last):
  File "/exposed/projects/bid-notice-web/backend/python/src/server/server_spider.py", line 12, in <module>
    from spider.spider_list import scrape_list, ERROR_CODES
ModuleNotFoundError: No module named 'spider'
Traceback (most recent call last):
  File "/exposed/projects/bid-notice-web/backend/python/src/server/server_bid.py", line 10, in <module>
    from utils.utils_mysql import Mysql
ModuleNotFoundError: No module named 'utils'
Traceback (most recent call last):
  File "/exposed/projects/bid-notice-web/backend/python/src/server/server_mysql.py", line 9, in <module>
    from utils.utils_mysql import Mysql
ModuleNotFoundError: No module named 'utils'
Traceback (most recent call last):
  File "/exposed/projects/bid-notice-web/backend/python/src/server/server_board.py", line 19, in <module>
    from utils.utils_mysql import Mysql, _where_like_unit, _where_eq_unit
ModuleNotFoundError: No module named 'utils'
Traceback (most recent call last):
  File "/exposed/projects/bid-notice-web/backend/python/src/server/server_mysql.py", line 9, in <module>
    from utils.utils_mysql import Mysql
ModuleNotFoundError: No module named 'utils'
Traceback (most recent call last):
  File "/exposed/projects/bid-notice-web/backend/python/src/server/server_bid.py", line 10, in <module>
    from utils.utils_mysql import Mysql
ModuleNotFoundError: No module named 'utils'
Traceback (most recent call last):
  File "/exposed/projects/bid-notice-web/backend/python/src/server/server_spider.py", line 12, in <module>
    from spider.spider_list import scrape_list, ERROR_CODES
ModuleNotFoundError: No module named 'spider'
Traceback (most recent call last):
  File "/exposed/projects/bid-notice-web/backend/python/src/server/server_board.py", line 19, in <module>
    from utils.utils_mysql import Mysql, _where_like_unit, _where_eq_unit
ModuleNotFoundError: No module named 'utils'
INFO:     Started server process [3373]
INFO:     Waiting for application startup.
INFO:     Application startup complete.
INFO:     Uvicorn running on http://0.0.0.0:11307 (Press CTRL+C to quit)
INFO:     Started server process [3372]
INFO:     Waiting for application startup.
INFO:     Application startup complete.
INFO:     Uvicorn running on http://0.0.0.0:11302 (Press CTRL+C to quit)
INFO:     Will watch for changes in these directories: ['/exposed/projects/bid-notice-web/backend/python/src/server']
WARNING:  "workers" flag is ignored when reloading is enabled.
INFO:     Uvicorn running on http://0.0.0.0:11303 (Press CTRL+C to quit)
INFO:     Started reloader process [3370] using StatReload
INFO:     Started server process [3371]
INFO:     Waiting for application startup.
INFO:     Application startup complete.
INFO:     Uvicorn running on http://0.0.0.0:11301 (Press CTRL+C to quit)
INFO:     Started server process [3384]
INFO:     Waiting for application startup.
INFO:     Application startup complete.
INFO:     Started server process [3486]
INFO:     Waiting for application startup.
INFO:     Application startup complete.
ERROR:    [Errno 98] error while attempting to bind on address ('0.0.0.0', 11301): address already in use
INFO:     Waiting for application shutdown.
INFO:     Application shutdown complete.
INFO:     Started server process [3626]
INFO:     Waiting for application startup.
INFO:     Application startup complete.
ERROR:    [Errno 98] error while attempting to bind on address ('0.0.0.0', 11301): address already in use
INFO:     Waiting for application shutdown.
INFO:     Application shutdown complete.
